<?xml version="1.0" encoding="utf-8"?>
<coverage line-rate="0.24309999999999998" branch-rate="0.5" version="1.9" timestamp="1779540902" lines-covered="427" lines-valid="1756" branches-covered="40" branches-valid="80">
  <sources>
    <source>C:\Users\kissl\OneDrive\Skrivbord\HappyHome\</source>
  </sources>
  <packages>
    <package name="HappyHome.Api" line-rate="0.5978" branch-rate="0.4" complexity="72">
      <classes>
        <class name="Program" filename="HappyHome.Api\Program.cs" line-rate="0.6666" branch-rate="0.5" complexity="4">
          <methods>
            <method name="&lt;Main&gt;$" signature="(System.String[])" line-rate="0.6666" branch-rate="0.5" complexity="4">
              <lines>
                <line number="5" hits="1" branch="False" />
                <line number="7" hits="1" branch="False" />
                <line number="8" hits="1" branch="False" />
                <line number="9" hits="1" branch="False" />
                <line number="10" hits="1" branch="False" />
                <line number="11" hits="1" branch="False" />
                <line number="12" hits="1" branch="False" />
                <line number="13" hits="1" branch="False" />
                <line number="14" hits="2" branch="False" />
                <line number="16" hits="1" branch="False" />
                <line number="17" hits="1" branch="False" />
                <line number="19" hits="1" branch="False" />
                <line number="20" hits="1" branch="False" />
                <line number="22" hits="1" branch="False" />
                <line number="24" hits="1" branch="True" condition-coverage="50% (1/2)">
                  <conditions>
                    <condition number="162" type="jump" coverage="50%" />
                  </conditions>
                </line>
                <line number="25" hits="0" branch="False" />
                <line number="26" hits="0" branch="False" />
                <line number="27" hits="0" branch="False" />
                <line number="28" hits="0" branch="False" />
                <line number="30" hits="1" branch="False" />
                <line number="31" hits="1" branch="False" />
                <line number="32" hits="1" branch="False" />
                <line number="34" hits="1" branch="True" condition-coverage="50% (1/2)">
                  <conditions>
                    <condition number="224" type="jump" coverage="50%" />
                  </conditions>
                </line>
                <line number="35" hits="0" branch="False" />
                <line number="36" hits="0" branch="False" />
                <line number="37" hits="0" branch="False" />
                <line number="38" hits="0" branch="False" />
                <line number="39" hits="0" branch="False" />
                <line number="40" hits="0" branch="False" />
                <line number="42" hits="1" branch="False" />
              </lines>
            </method>
          </methods>
          <lines>
            <line number="5" hits="1" branch="False" />
            <line number="7" hits="1" branch="False" />
            <line number="8" hits="1" branch="False" />
            <line number="9" hits="1" branch="False" />
            <line number="10" hits="1" branch="False" />
            <line number="11" hits="1" branch="False" />
            <line number="12" hits="1" branch="False" />
            <line number="13" hits="1" branch="False" />
            <line number="14" hits="2" branch="False" />
            <line number="16" hits="1" branch="False" />
            <line number="17" hits="1" branch="False" />
            <line number="19" hits="1" branch="False" />
            <line number="20" hits="1" branch="False" />
            <line number="22" hits="1" branch="False" />
            <line number="24" hits="1" branch="True" condition-coverage="50% (1/2)">
              <conditions>
                <condition number="162" type="jump" coverage="50%" />
              </conditions>
            </line>
            <line number="25" hits="0" branch="False" />
            <line number="26" hits="0" branch="False" />
            <line number="27" hits="0" branch="False" />
            <line number="28" hits="0" branch="False" />
            <line number="30" hits="1" branch="False" />
            <line number="31" hits="1" branch="False" />
            <line number="32" hits="1" branch="False" />
            <line number="34" hits="1" branch="True" condition-coverage="50% (1/2)">
              <conditions>
                <condition number="224" type="jump" coverage="50%" />
              </conditions>
            </line>
            <line number="35" hits="0" branch="False" />
            <line number="36" hits="0" branch="False" />
            <line number="37" hits="0" branch="False" />
            <line number="38" hits="0" branch="False" />
            <line number="39" hits="0" branch="False" />
            <line number="40" hits="0" branch="False" />
            <line number="42" hits="1" branch="False" />
          </lines>
        </class>
        <class name="HappyHome.Api.Controllers.BokningController" filename="HappyHome.Api\Controllers\BokningController.cs" line-rate="1" branch-rate="1" complexity="1">
          <methods>
            <method name=".ctor" signature="(HappyHome.Infrastructure.HappyHomeDbContext)" line-rate="1" branch-rate="1" complexity="1">
              <lines>
                <line number="14" hits="14" branch="False" />
              </lines>
            </method>
          </methods>
          <lines>
            <line number="14" hits="14" branch="False" />
          </lines>
        </class>
        <class name="HappyHome.Api.Controllers.BokningController/NyBokningInput" filename="HappyHome.Api\Controllers\BokningController.cs" line-rate="1" branch-rate="1" complexity="1">
          <methods>
            <method name="get_KlientId" signature="()" line-rate="1" branch-rate="1" complexity="1">
              <lines>
                <line number="31" hits="51" branch="False" />
              </lines>
            </method>
          </methods>
          <lines>
            <line number="31" hits="51" branch="False" />
          </lines>
        </class>
        <class name="HappyHome.Api.Controllers.BokningController/StatusInput" filename="HappyHome.Api\Controllers\BokningController.cs" line-rate="1" branch-rate="1" complexity="1">
          <methods>
            <method name="get_Status" signature="()" line-rate="1" branch-rate="1" complexity="1">
              <lines>
                <line number="80" hits="4" branch="False" />
              </lines>
            </method>
          </methods>
          <lines>
            <line number="80" hits="4" branch="False" />
          </lines>
        </class>
        <class name="HappyHome.Api.Controllers.BokningController/&lt;ForKlient&gt;d__2" filename="HappyHome.Api\Controllers\BokningController.cs" line-rate="1" branch-rate="1" complexity="1">
          <methods>
            <method name="MoveNext" signature="()" line-rate="1" branch-rate="1" complexity="1">
              <lines>
                <line number="18" hits="1" branch="False" />
                <line number="19" hits="1" branch="False" />
                <line number="20" hits="1" branch="False" />
                <line number="21" hits="1" branch="False" />
                <line number="22" hits="1" branch="False" />
              </lines>
            </method>
          </methods>
          <lines>
            <line number="18" hits="1" branch="False" />
            <line number="19" hits="1" branch="False" />
            <line number="20" hits="1" branch="False" />
            <line number="21" hits="1" branch="False" />
            <line number="22" hits="1" branch="False" />
          </lines>
        </class>
        <class name="HappyHome.Api.Controllers.BokningController/&lt;GetEn&gt;d__3" filename="HappyHome.Api\Controllers\BokningController.cs" line-rate="0" branch-rate="0" complexity="2">
          <methods>
            <method name="MoveNext" signature="()" line-rate="0" branch-rate="0" complexity="2">
              <lines>
                <line number="26" hits="0" branch="False" />
                <line number="27" hits="0" branch="False" />
                <line number="28" hits="0" branch="True" condition-coverage="0% (0/2)">
                  <conditions>
                    <condition number="358" type="jump" coverage="0%" />
                  </conditions>
                </line>
                <line number="29" hits="0" branch="False" />
              </lines>
            </method>
          </methods>
          <lines>
            <line number="26" hits="0" branch="False" />
            <line number="27" hits="0" branch="False" />
            <line number="28" hits="0" branch="True" condition-coverage="0% (0/2)">
              <conditions>
                <condition number="358" type="jump" coverage="0%" />
              </conditions>
            </line>
            <line number="29" hits="0" branch="False" />
          </lines>
        </class>
        <class name="HappyHome.Api.Controllers.BokningController/&lt;Skapa&gt;d__5" filename="HappyHome.Api\Controllers\BokningController.cs" line-rate="0.9736" branch-rate="0.7222" complexity="18">
          <methods>
            <method name="MoveNext" signature="()" line-rate="0.9736" branch-rate="0.7222" complexity="18">
              <lines>
                <line number="35" hits="5" branch="False" />
                <line number="36" hits="5" branch="False" />
                <line number="37" hits="5" branch="True" condition-coverage="50% (1/2)">
                  <conditions>
                    <condition number="262" type="jump" coverage="50%" />
                  </conditions>
                </line>
                <line number="39" hits="5" branch="False" />
                <line number="40" hits="5" branch="False" />
                <line number="41" hits="5" branch="False" />
                <line number="42" hits="5" branch="False" />
                <line number="43" hits="5" branch="True" condition-coverage="50% (1/2)">
                  <conditions>
                    <condition number="704" type="jump" coverage="50%" />
                  </conditions>
                </line>
                <line number="44" hits="5" branch="True" condition-coverage="100% (4/4)">
                  <conditions>
                    <condition number="744" type="jump" coverage="100%" />
                    <condition number="770" type="jump" coverage="100%" />
                  </conditions>
                </line>
                <line number="45" hits="1" branch="False" />
                <line number="47" hits="4" branch="True" condition-coverage="50% (2/4)">
                  <conditions>
                    <condition number="810" type="jump" coverage="50%" />
                    <condition number="838" type="jump" coverage="50%" />
                  </conditions>
                </line>
                <line number="48" hits="0" branch="False" />
                <line number="50" hits="4" branch="True" condition-coverage="100% (2/2)">
                  <conditions>
                    <condition number="911" type="jump" coverage="100%" />
                  </conditions>
                </line>
                <line number="51" hits="1" branch="False" />
                <line number="53" hits="3" branch="False" />
                <line number="54" hits="3" branch="False" />
                <line number="55" hits="3" branch="False" />
                <line number="56" hits="3" branch="False" />
                <line number="57" hits="3" branch="False" />
                <line number="58" hits="3" branch="False" />
                <line number="59" hits="3" branch="False" />
                <line number="60" hits="3" branch="False" />
                <line number="61" hits="3" branch="True" condition-coverage="100% (2/2)">
                  <conditions>
                    <condition number="1683" type="jump" coverage="100%" />
                  </conditions>
                </line>
                <line number="62" hits="1" branch="False" />
                <line number="64" hits="2" branch="True" condition-coverage="50% (1/2)">
                  <conditions>
                    <condition number="1805" type="jump" coverage="50%" />
                  </conditions>
                </line>
                <line number="65" hits="2" branch="False" />
                <line number="66" hits="2" branch="False" />
                <line number="67" hits="2" branch="False" />
                <line number="68" hits="2" branch="False" />
                <line number="69" hits="2" branch="False" />
                <line number="70" hits="2" branch="False" />
                <line number="71" hits="2" branch="False" />
                <line number="72" hits="2" branch="False" />
                <line number="74" hits="2" branch="False" />
                <line number="75" hits="2" branch="False" />
                <line number="76" hits="2" branch="False" />
                <line number="77" hits="2" branch="False" />
                <line number="78" hits="5" branch="False" />
              </lines>
            </method>
          </methods>
          <lines>
            <line number="35" hits="5" branch="False" />
            <line number="36" hits="5" branch="False" />
            <line number="37" hits="5" branch="True" condition-coverage="50% (1/2)">
              <conditions>
                <condition number="262" type="jump" coverage="50%" />
              </conditions>
            </line>
            <line number="39" hits="5" branch="False" />
            <line number="40" hits="5" branch="False" />
            <line number="41" hits="5" branch="False" />
            <line number="42" hits="5" branch="False" />
            <line number="43" hits="5" branch="True" condition-coverage="50% (1/2)">
              <conditions>
                <condition number="704" type="jump" coverage="50%" />
              </conditions>
            </line>
            <line number="44" hits="5" branch="True" condition-coverage="100% (4/4)">
              <conditions>
                <condition number="744" type="jump" coverage="100%" />
                <condition number="770" type="jump" coverage="100%" />
              </conditions>
            </line>
            <line number="45" hits="1" branch="False" />
            <line number="47" hits="4" branch="True" condition-coverage="50% (2/4)">
              <conditions>
                <condition number="810" type="jump" coverage="50%" />
                <condition number="838" type="jump" coverage="50%" />
              </conditions>
            </line>
            <line number="48" hits="0" branch="False" />
            <line number="50" hits="4" branch="True" condition-coverage="100% (2/2)">
              <conditions>
                <condition number="911" type="jump" coverage="100%" />
              </conditions>
            </line>
            <line number="51" hits="1" branch="False" />
            <line number="53" hits="3" branch="False" />
            <line number="54" hits="3" branch="False" />
            <line number="55" hits="3" branch="False" />
            <line number="56" hits="3" branch="False" />
            <line number="57" hits="3" branch="False" />
            <line number="58" hits="3" branch="False" />
            <line number="59" hits="3" branch="False" />
            <line number="60" hits="3" branch="False" />
            <line number="61" hits="3" branch="True" condition-coverage="100% (2/2)">
              <conditions>
                <condition number="1683" type="jump" coverage="100%" />
              </conditions>
            </line>
            <line number="62" hits="1" branch="False" />
            <line number="64" hits="2" branch="True" condition-coverage="50% (1/2)">
              <conditions>
                <condition number="1805" type="jump" coverage="50%" />
              </conditions>
            </line>
            <line number="65" hits="2" branch="False" />
            <line number="66" hits="2" branch="False" />
            <line number="67" hits="2" branch="False" />
            <line number="68" hits="2" branch="False" />
            <line number="69" hits="2" branch="False" />
            <line number="70" hits="2" branch="False" />
            <line number="71" hits="2" branch="False" />
            <line number="72" hits="2" branch="False" />
            <line number="74" hits="2" branch="False" />
            <line number="75" hits="2" branch="False" />
            <line number="76" hits="2" branch="False" />
            <line number="77" hits="2" branch="False" />
            <line number="78" hits="5" branch="False" />
          </lines>
        </class>
        <class name="HappyHome.Api.Controllers.BokningController/&lt;Statusandring&gt;d__7" filename="HappyHome.Api\Controllers\BokningController.cs" line-rate="1" branch-rate="0.6666" complexity="6">
          <methods>
            <method name="MoveNext" signature="()" line-rate="1" branch-rate="0.6666" complexity="6">
              <lines>
                <line number="84" hits="1" branch="False" />
                <line number="85" hits="1" branch="False" />
                <line number="86" hits="1" branch="True" condition-coverage="50% (1/2)">
                  <conditions>
                    <condition number="376" type="jump" coverage="50%" />
                  </conditions>
                </line>
                <line number="88" hits="1" branch="False" />
                <line number="90" hits="1" branch="True" condition-coverage="75% (3/4)">
                  <conditions>
                    <condition number="430" type="jump" coverage="50%" />
                    <condition number="456" type="jump" coverage="100%" />
                  </conditions>
                </line>
                <line number="91" hits="1" branch="False" />
                <line number="93" hits="1" branch="False" />
                <line number="94" hits="1" branch="False" />
                <line number="95" hits="1" branch="False" />
              </lines>
            </method>
          </methods>
          <lines>
            <line number="84" hits="1" branch="False" />
            <line number="85" hits="1" branch="False" />
            <line number="86" hits="1" branch="True" condition-coverage="50% (1/2)">
              <conditions>
                <condition number="376" type="jump" coverage="50%" />
              </conditions>
            </line>
            <line number="88" hits="1" branch="False" />
            <line number="90" hits="1" branch="True" condition-coverage="75% (3/4)">
              <conditions>
                <condition number="430" type="jump" coverage="50%" />
                <condition number="456" type="jump" coverage="100%" />
              </conditions>
            </line>
            <line number="91" hits="1" branch="False" />
            <line number="93" hits="1" branch="False" />
            <line number="94" hits="1" branch="False" />
            <line number="95" hits="1" branch="False" />
          </lines>
        </class>
        <class name="HappyHome.Api.Controllers.DevController" filename="HappyHome.Api\Controllers\DevController.cs" line-rate="1" branch-rate="0.5" complexity="3">
          <methods>
            <method name="IsDevelopment" signature="()" line-rate="1" branch-rate="0.5" complexity="2">
              <lines>
                <line number="48" hits="24" branch="True" condition-coverage="50% (1/2)">
                  <conditions>
                    <condition number="11" type="jump" coverage="50%" />
                  </conditions>
                </line>
              </lines>
            </method>
            <method name=".ctor" signature="(HappyHome.Infrastructure.HappyHomeDbContext,Microsoft.AspNetCore.Hosting.IWebHostEnvironment)" line-rate="1" branch-rate="1" complexity="1">
              <lines>
                <line number="15" hits="24" branch="False" />
                <line number="16" hits="24" branch="False" />
                <line number="17" hits="24" branch="False" />
                <line number="18" hits="24" branch="False" />
                <line number="19" hits="24" branch="False" />
              </lines>
            </method>
          </methods>
          <lines>
            <line number="48" hits="24" branch="True" condition-coverage="50% (1/2)">
              <conditions>
                <condition number="11" type="jump" coverage="50%" />
              </conditions>
            </line>
            <line number="15" hits="24" branch="False" />
            <line number="16" hits="24" branch="False" />
            <line number="17" hits="24" branch="False" />
            <line number="18" hits="24" branch="False" />
            <line number="19" hits="24" branch="False" />
          </lines>
        </class>
        <class name="HappyHome.Api.Controllers.DevController/&lt;Reset&gt;d__3" filename="HappyHome.Api\Controllers\DevController.cs" line-rate="0.9" branch-rate="0.5" complexity="4">
          <methods>
            <method name="MoveNext" signature="()" line-rate="0.9" branch-rate="0.5" complexity="4">
              <lines>
                <line number="23" hits="23" branch="False" />
                <line number="24" hits="23" branch="True" condition-coverage="50% (1/2)">
                  <conditions>
                    <condition number="59" type="jump" coverage="50%" />
                  </conditions>
                </line>
                <line number="26" hits="23" branch="True" condition-coverage="50% (1/2)">
                  <conditions>
                    <condition number="101" type="jump" coverage="50%" />
                  </conditions>
                </line>
                <line number="27" hits="0" branch="False" />
                <line number="29" hits="23" branch="False" />
                <line number="31" hits="23" branch="False" />
                <line number="32" hits="23" branch="False" />
                <line number="34" hits="23" branch="False" />
                <line number="35" hits="23" branch="False" />
                <line number="36" hits="23" branch="False" />
              </lines>
            </method>
          </methods>
          <lines>
            <line number="23" hits="23" branch="False" />
            <line number="24" hits="23" branch="True" condition-coverage="50% (1/2)">
              <conditions>
                <condition number="59" type="jump" coverage="50%" />
              </conditions>
            </line>
            <line number="26" hits="23" branch="True" condition-coverage="50% (1/2)">
              <conditions>
                <condition number="101" type="jump" coverage="50%" />
              </conditions>
            </line>
            <line number="27" hits="0" branch="False" />
            <line number="29" hits="23" branch="False" />
            <line number="31" hits="23" branch="False" />
            <line number="32" hits="23" branch="False" />
            <line number="34" hits="23" branch="False" />
            <line number="35" hits="23" branch="False" />
            <line number="36" hits="23" branch="False" />
          </lines>
        </class>
        <class name="HappyHome.Api.Controllers.DevController/&lt;Status&gt;d__4" filename="HappyHome.Api\Controllers\DevController.cs" line-rate="1" branch-rate="0.5" complexity="2">
          <methods>
            <method name="MoveNext" signature="()" line-rate="1" branch-rate="0.5" complexity="2">
              <lines>
                <line number="40" hits="1" branch="False" />
                <line number="41" hits="1" branch="True" condition-coverage="50% (1/2)">
                  <conditions>
                    <condition number="31" type="jump" coverage="50%" />
                  </conditions>
                </line>
                <line number="43" hits="1" branch="False" />
                <line number="44" hits="1" branch="False" />
                <line number="45" hits="1" branch="False" />
              </lines>
            </method>
          </methods>
          <lines>
            <line number="40" hits="1" branch="False" />
            <line number="41" hits="1" branch="True" condition-coverage="50% (1/2)">
              <conditions>
                <condition number="31" type="jump" coverage="50%" />
              </conditions>
            </line>
            <line number="43" hits="1" branch="False" />
            <line number="44" hits="1" branch="False" />
            <line number="45" hits="1" branch="False" />
          </lines>
        </class>
        <class name="HappyHome.Api.Controllers.KlientController" filename="HappyHome.Api\Controllers\KlientController.cs" line-rate="1" branch-rate="1" complexity="1">
          <methods>
            <method name=".ctor" signature="(HappyHome.Infrastructure.HappyHomeDbContext)" line-rate="1" branch-rate="1" complexity="1">
              <lines>
                <line number="13" hits="6" branch="False" />
              </lines>
            </method>
          </methods>
          <lines>
            <line number="13" hits="6" branch="False" />
          </lines>
        </class>
        <class name="HappyHome.Api.Controllers.KlientController/&lt;GetAlla&gt;d__2" filename="HappyHome.Api\Controllers\KlientController.cs" line-rate="1" branch-rate="1" complexity="1">
          <methods>
            <method name="MoveNext" signature="()" line-rate="1" branch-rate="1" complexity="1">
              <lines>
                <line number="17" hits="2" branch="False" />
              </lines>
            </method>
          </methods>
          <lines>
            <line number="17" hits="2" branch="False" />
          </lines>
        </class>
        <class name="HappyHome.Api.Controllers.KlientController/&lt;GetEn&gt;d__3" filename="HappyHome.Api\Controllers\KlientController.cs" line-rate="1" branch-rate="0.5" complexity="2">
          <methods>
            <method name="MoveNext" signature="()" line-rate="1" branch-rate="0.5" complexity="2">
              <lines>
                <line number="21" hits="1" branch="False" />
                <line number="22" hits="1" branch="False" />
                <line number="23" hits="1" branch="True" condition-coverage="50% (1/2)">
                  <conditions>
                    <condition number="180" type="jump" coverage="50%" />
                  </conditions>
                </line>
                <line number="24" hits="1" branch="False" />
              </lines>
            </method>
          </methods>
          <lines>
            <line number="21" hits="1" branch="False" />
            <line number="22" hits="1" branch="False" />
            <line number="23" hits="1" branch="True" condition-coverage="50% (1/2)">
              <conditions>
                <condition number="180" type="jump" coverage="50%" />
              </conditions>
            </line>
            <line number="24" hits="1" branch="False" />
          </lines>
        </class>
        <class name="HappyHome.Api.Controllers.KlientController/&lt;Skapa&gt;d__4" filename="HappyHome.Api\Controllers\KlientController.cs" line-rate="0" branch-rate="1" complexity="1">
          <methods>
            <method name="MoveNext" signature="()" line-rate="0" branch-rate="1" complexity="1">
              <lines>
                <line number="28" hits="0" branch="False" />
                <line number="29" hits="0" branch="False" />
                <line number="30" hits="0" branch="False" />
                <line number="31" hits="0" branch="False" />
                <line number="32" hits="0" branch="False" />
                <line number="33" hits="0" branch="False" />
                <line number="34" hits="0" branch="False" />
              </lines>
            </method>
          </methods>
          <lines>
            <line number="28" hits="0" branch="False" />
            <line number="29" hits="0" branch="False" />
            <line number="30" hits="0" branch="False" />
            <line number="31" hits="0" branch="False" />
            <line number="32" hits="0" branch="False" />
            <line number="33" hits="0" branch="False" />
            <line number="34" hits="0" branch="False" />
          </lines>
        </class>
        <class name="HappyHome.Api.Controllers.TerapeutController" filename="HappyHome.Api\Controllers\TerapeutController.cs" line-rate="1" branch-rate="1" complexity="1">
          <methods>
            <method name=".ctor" signature="(HappyHome.Infrastructure.HappyHomeDbContext)" line-rate="1" branch-rate="1" complexity="1">
              <lines>
                <line number="13" hits="4" branch="False" />
              </lines>
            </method>
          </methods>
          <lines>
            <line number="13" hits="4" branch="False" />
          </lines>
        </class>
        <class name="HappyHome.Api.Controllers.TerapeutController/&lt;GetAktiva&gt;d__2" filename="HappyHome.Api\Controllers\TerapeutController.cs" line-rate="1" branch-rate="1" complexity="1">
          <methods>
            <method name="MoveNext" signature="()" line-rate="1" branch-rate="1" complexity="1">
              <lines>
                <line number="17" hits="2" branch="False" />
              </lines>
            </method>
          </methods>
          <lines>
            <line number="17" hits="2" branch="False" />
          </lines>
        </class>
        <class name="HappyHome.Api.Controllers.TerapeutController/&lt;GetEn&gt;d__3" filename="HappyHome.Api\Controllers\TerapeutController.cs" line-rate="0" branch-rate="0" complexity="2">
          <methods>
            <method name="MoveNext" signature="()" line-rate="0" branch-rate="0" complexity="2">
              <lines>
                <line number="21" hits="0" branch="False" />
                <line number="22" hits="0" branch="False" />
                <line number="23" hits="0" branch="True" condition-coverage="0% (0/2)">
                  <conditions>
                    <condition number="180" type="jump" coverage="0%" />
                  </conditions>
                </line>
                <line number="24" hits="0" branch="False" />
              </lines>
            </method>
          </methods>
          <lines>
            <line number="21" hits="0" branch="False" />
            <line number="22" hits="0" branch="False" />
            <line number="23" hits="0" branch="True" condition-coverage="0% (0/2)">
              <conditions>
                <condition number="180" type="jump" coverage="0%" />
              </conditions>
            </line>
            <line number="24" hits="0" branch="False" />
          </lines>
        </class>
        <class name="HappyHome.Api.Controllers.TerapeutController/&lt;Inaktivera&gt;d__6" filename="HappyHome.Api\Controllers\TerapeutController.cs" line-rate="0" branch-rate="0" complexity="2">
          <methods>
            <method name="MoveNext" signature="()" line-rate="0" branch-rate="0" complexity="2">
              <lines>
                <line number="57" hits="0" branch="False" />
                <line number="58" hits="0" branch="False" />
                <line number="59" hits="0" branch="True" condition-coverage="0% (0/2)">
                  <conditions>
                    <condition number="198" type="jump" coverage="0%" />
                  </conditions>
                </line>
                <line number="60" hits="0" branch="False" />
                <line number="61" hits="0" branch="False" />
                <line number="62" hits="0" branch="False" />
                <line number="63" hits="0" branch="False" />
              </lines>
            </method>
          </methods>
          <lines>
            <line number="57" hits="0" branch="False" />
            <line number="58" hits="0" branch="False" />
            <line number="59" hits="0" branch="True" condition-coverage="0% (0/2)">
              <conditions>
                <condition number="198" type="jump" coverage="0%" />
              </conditions>
            </line>
            <line number="60" hits="0" branch="False" />
            <line number="61" hits="0" branch="False" />
            <line number="62" hits="0" branch="False" />
            <line number="63" hits="0" branch="False" />
          </lines>
        </class>
        <class name="HappyHome.Api.Controllers.TerapeutController/&lt;Skapa&gt;d__4" filename="HappyHome.Api\Controllers\TerapeutController.cs" line-rate="0" branch-rate="0" complexity="2">
          <methods>
            <method name="MoveNext" signature="()" line-rate="0" branch-rate="0" complexity="2">
              <lines>
                <line number="28" hits="0" branch="False" />
                <line number="29" hits="0" branch="False" />
                <line number="30" hits="0" branch="False" />
                <line number="31" hits="0" branch="True" condition-coverage="0% (0/2)">
                  <conditions>
                    <condition number="75" type="jump" coverage="0%" />
                  </conditions>
                </line>
                <line number="32" hits="0" branch="False" />
                <line number="33" hits="0" branch="False" />
                <line number="34" hits="0" branch="False" />
                <line number="35" hits="0" branch="False" />
              </lines>
            </method>
          </methods>
          <lines>
            <line number="28" hits="0" branch="False" />
            <line number="29" hits="0" branch="False" />
            <line number="30" hits="0" branch="False" />
            <line number="31" hits="0" branch="True" condition-coverage="0% (0/2)">
              <conditions>
                <condition number="75" type="jump" coverage="0%" />
              </conditions>
            </line>
            <line number="32" hits="0" branch="False" />
            <line number="33" hits="0" branch="False" />
            <line number="34" hits="0" branch="False" />
            <line number="35" hits="0" branch="False" />
          </lines>
        </class>
        <class name="HappyHome.Api.Controllers.TerapeutController/&lt;Uppdatera&gt;d__5" filename="HappyHome.Api\Controllers\TerapeutController.cs" line-rate="0" branch-rate="0" complexity="4">
          <methods>
            <method name="MoveNext" signature="()" line-rate="0" branch-rate="0" complexity="4">
              <lines>
                <line number="39" hits="0" branch="False" />
                <line number="40" hits="0" branch="False" />
                <line number="41" hits="0" branch="True" condition-coverage="0% (0/2)">
                  <conditions>
                    <condition number="198" type="jump" coverage="0%" />
                  </conditions>
                </line>
                <line number="43" hits="0" branch="False" />
                <line number="44" hits="0" branch="False" />
                <line number="45" hits="0" branch="False" />
                <line number="46" hits="0" branch="False" />
                <line number="47" hits="0" branch="True" condition-coverage="0% (0/2)">
                  <conditions>
                    <condition number="327" type="jump" coverage="0%" />
                  </conditions>
                </line>
                <line number="48" hits="0" branch="False" />
                <line number="49" hits="0" branch="False" />
                <line number="51" hits="0" branch="False" />
                <line number="52" hits="0" branch="False" />
                <line number="53" hits="0" branch="False" />
              </lines>
            </method>
          </methods>
          <lines>
            <line number="39" hits="0" branch="False" />
            <line number="40" hits="0" branch="False" />
            <line number="41" hits="0" branch="True" condition-coverage="0% (0/2)">
              <conditions>
                <condition number="198" type="jump" coverage="0%" />
              </conditions>
            </line>
            <line number="43" hits="0" branch="False" />
            <line number="44" hits="0" branch="False" />
            <line number="45" hits="0" branch="False" />
            <line number="46" hits="0" branch="False" />
            <line number="47" hits="0" branch="True" condition-coverage="0% (0/2)">
              <conditions>
                <condition number="327" type="jump" coverage="0%" />
              </conditions>
            </line>
            <line number="48" hits="0" branch="False" />
            <line number="49" hits="0" branch="False" />
            <line number="51" hits="0" branch="False" />
            <line number="52" hits="0" branch="False" />
            <line number="53" hits="0" branch="False" />
          </lines>
        </class>
        <class name="HappyHome.Api.Controllers.TidsluckaController" filename="HappyHome.Api\Controllers\TidsluckaController.cs" line-rate="1" branch-rate="1" complexity="1">
          <methods>
            <method name=".ctor" signature="(HappyHome.Infrastructure.HappyHomeDbContext)" line-rate="1" branch-rate="1" complexity="1">
              <lines>
                <line number="14" hits="2" branch="False" />
              </lines>
            </method>
          </methods>
          <lines>
            <line number="14" hits="2" branch="False" />
          </lines>
        </class>
        <class name="HappyHome.Api.Controllers.TidsluckaController/&lt;Skapa&gt;d__3" filename="HappyHome.Api\Controllers\TidsluckaController.cs" line-rate="0" branch-rate="0" complexity="6">
          <methods>
            <method name="MoveNext" signature="()" line-rate="0" branch-rate="0" complexity="6">
              <lines>
                <line number="34" hits="0" branch="False" />
                <line number="35" hits="0" branch="False" />
                <line number="36" hits="0" branch="True" condition-coverage="0% (0/2)">
                  <conditions>
                    <condition number="203" type="jump" coverage="0%" />
                  </conditions>
                </line>
                <line number="37" hits="0" branch="True" condition-coverage="0% (0/2)">
                  <conditions>
                    <condition number="250" type="jump" coverage="0%" />
                  </conditions>
                </line>
                <line number="38" hits="0" branch="True" condition-coverage="0% (0/2)">
                  <conditions>
                    <condition number="310" type="jump" coverage="0%" />
                  </conditions>
                </line>
                <line number="40" hits="0" branch="False" />
                <line number="41" hits="0" branch="False" />
                <line number="42" hits="0" branch="False" />
                <line number="44" hits="0" branch="False" />
                <line number="45" hits="0" branch="False" />
                <line number="46" hits="0" branch="False" />
                <line number="47" hits="0" branch="False" />
                <line number="48" hits="0" branch="False" />
              </lines>
            </method>
          </methods>
          <lines>
            <line number="34" hits="0" branch="False" />
            <line number="35" hits="0" branch="False" />
            <line number="36" hits="0" branch="True" condition-coverage="0% (0/2)">
              <conditions>
                <condition number="203" type="jump" coverage="0%" />
              </conditions>
            </line>
            <line number="37" hits="0" branch="True" condition-coverage="0% (0/2)">
              <conditions>
                <condition number="250" type="jump" coverage="0%" />
              </conditions>
            </line>
            <line number="38" hits="0" branch="True" condition-coverage="0% (0/2)">
              <conditions>
                <condition number="310" type="jump" coverage="0%" />
              </conditions>
            </line>
            <line number="40" hits="0" branch="False" />
            <line number="41" hits="0" branch="False" />
            <line number="42" hits="0" branch="False" />
            <line number="44" hits="0" branch="False" />
            <line number="45" hits="0" branch="False" />
            <line number="46" hits="0" branch="False" />
            <line number="47" hits="0" branch="False" />
            <line number="48" hits="0" branch="False" />
          </lines>
        </class>
        <class name="HappyHome.Api.Controllers.TidsluckaController/&lt;TaBort&gt;d__4" filename="HappyHome.Api\Controllers\TidsluckaController.cs" line-rate="0" branch-rate="0" complexity="4">
          <methods>
            <method name="MoveNext" signature="()" line-rate="0" branch-rate="0" complexity="4">
              <lines>
                <line number="52" hits="0" branch="False" />
                <line number="53" hits="0" branch="False" />
                <line number="54" hits="0" branch="True" condition-coverage="0% (0/2)">
                  <conditions>
                    <condition number="376" type="jump" coverage="0%" />
                  </conditions>
                </line>
                <line number="55" hits="0" branch="True" condition-coverage="0% (0/2)">
                  <conditions>
                    <condition number="416" type="jump" coverage="0%" />
                  </conditions>
                </line>
                <line number="57" hits="0" branch="False" />
                <line number="58" hits="0" branch="False" />
                <line number="59" hits="0" branch="False" />
                <line number="60" hits="0" branch="False" />
              </lines>
            </method>
          </methods>
          <lines>
            <line number="52" hits="0" branch="False" />
            <line number="53" hits="0" branch="False" />
            <line number="54" hits="0" branch="True" condition-coverage="0% (0/2)">
              <conditions>
                <condition number="376" type="jump" coverage="0%" />
              </conditions>
            </line>
            <line number="55" hits="0" branch="True" condition-coverage="0% (0/2)">
              <conditions>
                <condition number="416" type="jump" coverage="0%" />
              </conditions>
            </line>
            <line number="57" hits="0" branch="False" />
            <line number="58" hits="0" branch="False" />
            <line number="59" hits="0" branch="False" />
            <line number="60" hits="0" branch="False" />
          </lines>
        </class>
        <class name="HappyHome.Api.Controllers.TidsluckaController/&lt;Tillgangliga&gt;d__2" filename="HappyHome.Api\Controllers\TidsluckaController.cs" line-rate="1" branch-rate="1" complexity="1">
          <methods>
            <method name="MoveNext" signature="()" line-rate="1" branch-rate="1" complexity="1">
              <lines>
                <line number="21" hits="1" branch="False" />
                <line number="22" hits="1" branch="False" />
                <line number="23" hits="1" branch="False" />
                <line number="24" hits="1" branch="False" />
                <line number="25" hits="1" branch="False" />
                <line number="26" hits="1" branch="False" />
                <line number="27" hits="1" branch="False" />
                <line number="28" hits="1" branch="False" />
                <line number="29" hits="1" branch="False" />
                <line number="30" hits="1" branch="False" />
              </lines>
            </method>
          </methods>
          <lines>
            <line number="21" hits="1" branch="False" />
            <line number="22" hits="1" branch="False" />
            <line number="23" hits="1" branch="False" />
            <line number="24" hits="1" branch="False" />
            <line number="25" hits="1" branch="False" />
            <line number="26" hits="1" branch="False" />
            <line number="27" hits="1" branch="False" />
            <line number="28" hits="1" branch="False" />
            <line number="29" hits="1" branch="False" />
            <line number="30" hits="1" branch="False" />
          </lines>
        </class>
      </classes>
    </package>
    <package name="HappyHome.Core" line-rate="0.9245" branch-rate="1" complexity="53">
      <classes>
        <class name="HappyHome.Core.Models.Bokning" filename="HappyHome.Core\Models\Bokning.cs" line-rate="1" branch-rate="1" complexity="10">
          <methods>
            <method name="get_Id" signature="()" line-rate="1" branch-rate="1" complexity="1">
              <lines>
                <line number="7" hits="123" branch="False" />
              </lines>
            </method>
            <method name="get_KlientId" signature="()" line-rate="1" branch-rate="1" complexity="1">
              <lines>
                <line number="8" hits="354" branch="False" />
              </lines>
            </method>
            <method name="get_TidsluckaId" signature="()" line-rate="1" branch-rate="1" complexity="1">
              <lines>
                <line number="9" hits="238" branch="False" />
              </lines>
            </method>
            <method name="get_TerapiTyp" signature="()" line-rate="1" branch-rate="1" complexity="1">
              <lines>
                <line number="10" hits="353" branch="False" />
              </lines>
            </method>
            <method name="get_AnledningTillBesok" signature="()" line-rate="1" branch-rate="1" complexity="1">
              <lines>
                <line number="11" hits="697" branch="False" />
              </lines>
            </method>
            <method name="get_Status" signature="()" line-rate="1" branch-rate="1" complexity="1">
              <lines>
                <line number="12" hits="698" branch="False" />
              </lines>
            </method>
            <method name="get_Skapad" signature="()" line-rate="1" branch-rate="1" complexity="1">
              <lines>
                <line number="13" hits="697" branch="False" />
              </lines>
            </method>
            <method name="get_Klient" signature="()" line-rate="1" branch-rate="1" complexity="1">
              <lines>
                <line number="15" hits="5" branch="False" />
              </lines>
            </method>
            <method name="get_Tidslucka" signature="()" line-rate="1" branch-rate="1" complexity="1">
              <lines>
                <line number="16" hits="8" branch="False" />
              </lines>
            </method>
            <method name="get_Konsultation" signature="()" line-rate="1" branch-rate="1" complexity="1">
              <lines>
                <line number="17" hits="5" branch="False" />
              </lines>
            </method>
          </methods>
          <lines>
            <line number="7" hits="123" branch="False" />
            <line number="8" hits="354" branch="False" />
            <line number="9" hits="238" branch="False" />
            <line number="10" hits="353" branch="False" />
            <line number="11" hits="697" branch="False" />
            <line number="12" hits="698" branch="False" />
            <line number="13" hits="697" branch="False" />
            <line number="15" hits="5" branch="False" />
            <line number="16" hits="8" branch="False" />
            <line number="17" hits="5" branch="False" />
          </lines>
        </class>
        <class name="HappyHome.Core.Models.Klient" filename="HappyHome.Core\Models\Klient.cs" line-rate="1" branch-rate="1" complexity="10">
          <methods>
            <method name="get_Id" signature="()" line-rate="1" branch-rate="1" complexity="1">
              <lines>
                <line number="5" hits="279" branch="False" />
              </lines>
            </method>
            <method name="get_Förnamn" signature="()" line-rate="1" branch-rate="1" complexity="1">
              <lines>
                <line number="6" hits="773" branch="False" />
              </lines>
            </method>
            <method name="get_Efternamn" signature="()" line-rate="1" branch-rate="1" complexity="1">
              <lines>
                <line number="7" hits="773" branch="False" />
              </lines>
            </method>
            <method name="get_Personnummer" signature="()" line-rate="1" branch-rate="1" complexity="1">
              <lines>
                <line number="8" hits="793" branch="False" />
              </lines>
            </method>
            <method name="get_Epost" signature="()" line-rate="1" branch-rate="1" complexity="1">
              <lines>
                <line number="9" hits="773" branch="False" />
              </lines>
            </method>
            <method name="get_Telefon" signature="()" line-rate="1" branch-rate="1" complexity="1">
              <lines>
                <line number="10" hits="773" branch="False" />
              </lines>
            </method>
            <method name="get_Födelsedatum" signature="()" line-rate="1" branch-rate="1" complexity="1">
              <lines>
                <line number="11" hits="273" branch="False" />
              </lines>
            </method>
            <method name="get_Skapad" signature="()" line-rate="1" branch-rate="1" complexity="1">
              <lines>
                <line number="12" hits="773" branch="False" />
              </lines>
            </method>
            <method name="get_Bokningar" signature="()" line-rate="1" branch-rate="1" complexity="1">
              <lines>
                <line number="14" hits="543" branch="False" />
              </lines>
            </method>
            <method name="get_Konsultationer" signature="()" line-rate="1" branch-rate="1" complexity="1">
              <lines>
                <line number="15" hits="543" branch="False" />
              </lines>
            </method>
          </methods>
          <lines>
            <line number="5" hits="279" branch="False" />
            <line number="6" hits="773" branch="False" />
            <line number="7" hits="773" branch="False" />
            <line number="8" hits="793" branch="False" />
            <line number="9" hits="773" branch="False" />
            <line number="10" hits="773" branch="False" />
            <line number="11" hits="273" branch="False" />
            <line number="12" hits="773" branch="False" />
            <line number="14" hits="543" branch="False" />
            <line number="15" hits="543" branch="False" />
          </lines>
        </class>
        <class name="HappyHome.Core.Models.Konsultation" filename="HappyHome.Core\Models\Konsultation.cs" line-rate="0.7142000000000001" branch-rate="1" complexity="14">
          <methods>
            <method name="get_Id" signature="()" line-rate="0" branch-rate="1" complexity="1">
              <lines>
                <line number="7" hits="0" branch="False" />
              </lines>
            </method>
            <method name="get_KlientId" signature="()" line-rate="1" branch-rate="1" complexity="1">
              <lines>
                <line number="8" hits="115" branch="False" />
              </lines>
            </method>
            <method name="get_TerapeutId" signature="()" line-rate="1" branch-rate="1" complexity="1">
              <lines>
                <line number="9" hits="125" branch="False" />
              </lines>
            </method>
            <method name="get_BokningId" signature="()" line-rate="1" branch-rate="1" complexity="1">
              <lines>
                <line number="10" hits="115" branch="False" />
              </lines>
            </method>
            <method name="get_Typ" signature="()" line-rate="1" branch-rate="1" complexity="1">
              <lines>
                <line number="11" hits="115" branch="False" />
              </lines>
            </method>
            <method name="get_Datum" signature="()" line-rate="1" branch-rate="1" complexity="1">
              <lines>
                <line number="12" hits="115" branch="False" />
              </lines>
            </method>
            <method name="get_Symptom" signature="()" line-rate="1" branch-rate="1" complexity="1">
              <lines>
                <line number="13" hits="345" branch="False" />
              </lines>
            </method>
            <method name="get_Bakgrund" signature="()" line-rate="1" branch-rate="1" complexity="1">
              <lines>
                <line number="14" hits="345" branch="False" />
              </lines>
            </method>
            <method name="get_Anteckningar" signature="()" line-rate="1" branch-rate="1" complexity="1">
              <lines>
                <line number="15" hits="345" branch="False" />
              </lines>
            </method>
            <method name="get_Diagnosförslag" signature="()" line-rate="1" branch-rate="1" complexity="1">
              <lines>
                <line number="16" hits="115" branch="False" />
              </lines>
            </method>
            <method name="get_Skapad" signature="()" line-rate="1" branch-rate="1" complexity="1">
              <lines>
                <line number="17" hits="345" branch="False" />
              </lines>
            </method>
            <method name="get_Klient" signature="()" line-rate="0" branch-rate="1" complexity="1">
              <lines>
                <line number="19" hits="0" branch="False" />
              </lines>
            </method>
            <method name="get_Terapeut" signature="()" line-rate="0" branch-rate="1" complexity="1">
              <lines>
                <line number="20" hits="0" branch="False" />
              </lines>
            </method>
            <method name="get_Bokning" signature="()" line-rate="0" branch-rate="1" complexity="1">
              <lines>
                <line number="21" hits="0" branch="False" />
              </lines>
            </method>
          </methods>
          <lines>
            <line number="7" hits="0" branch="False" />
            <line number="8" hits="115" branch="False" />
            <line number="9" hits="125" branch="False" />
            <line number="10" hits="115" branch="False" />
            <line number="11" hits="115" branch="False" />
            <line number="12" hits="115" branch="False" />
            <line number="13" hits="345" branch="False" />
            <line number="14" hits="345" branch="False" />
            <line number="15" hits="345" branch="False" />
            <line number="16" hits="115" branch="False" />
            <line number="17" hits="345" branch="False" />
            <line number="19" hits="0" branch="False" />
            <line number="20" hits="0" branch="False" />
            <line number="21" hits="0" branch="False" />
          </lines>
        </class>
        <class name="HappyHome.Core.Models.Terapeut" filename="HappyHome.Core\Models\Terapeut.cs" line-rate="1" branch-rate="1" complexity="11">
          <methods>
            <method name="get_Id" signature="()" line-rate="1" branch-rate="1" complexity="1">
              <lines>
                <line number="7" hits="1638" branch="False" />
              </lines>
            </method>
            <method name="get_Förnamn" signature="()" line-rate="1" branch-rate="1" complexity="1">
              <lines>
                <line number="8" hits="392" branch="False" />
              </lines>
            </method>
            <method name="get_Efternamn" signature="()" line-rate="1" branch-rate="1" complexity="1">
              <lines>
                <line number="9" hits="392" branch="False" />
              </lines>
            </method>
            <method name="get_Epost" signature="()" line-rate="1" branch-rate="1" complexity="1">
              <lines>
                <line number="10" hits="392" branch="False" />
              </lines>
            </method>
            <method name="get_Roll" signature="()" line-rate="1" branch-rate="1" complexity="1">
              <lines>
                <line number="11" hits="138" branch="False" />
              </lines>
            </method>
            <method name="get_Specialiseringar" signature="()" line-rate="1" branch-rate="1" complexity="1">
              <lines>
                <line number="12" hits="860" branch="False" />
              </lines>
            </method>
            <method name="get_AktivFromDatum" signature="()" line-rate="1" branch-rate="1" complexity="1">
              <lines>
                <line number="13" hits="138" branch="False" />
              </lines>
            </method>
            <method name="get_Aktiv" signature="()" line-rate="1" branch-rate="1" complexity="1">
              <lines>
                <line number="14" hits="401" branch="False" />
              </lines>
            </method>
            <method name="get_Skapad" signature="()" line-rate="1" branch-rate="1" complexity="1">
              <lines>
                <line number="15" hits="392" branch="False" />
              </lines>
            </method>
            <method name="get_Tidsluckor" signature="()" line-rate="1" branch-rate="1" complexity="1">
              <lines>
                <line number="17" hits="277" branch="False" />
              </lines>
            </method>
            <method name="get_Konsultationer" signature="()" line-rate="1" branch-rate="1" complexity="1">
              <lines>
                <line number="18" hits="277" branch="False" />
              </lines>
            </method>
          </methods>
          <lines>
            <line number="7" hits="1638" branch="False" />
            <line number="8" hits="392" branch="False" />
            <line number="9" hits="392" branch="False" />
            <line number="10" hits="392" branch="False" />
            <line number="11" hits="138" branch="False" />
            <line number="12" hits="860" branch="False" />
            <line number="13" hits="138" branch="False" />
            <line number="14" hits="401" branch="False" />
            <line number="15" hits="392" branch="False" />
            <line number="17" hits="277" branch="False" />
            <line number="18" hits="277" branch="False" />
          </lines>
        </class>
        <class name="HappyHome.Core.Models.Tidslucka" filename="HappyHome.Core\Models\Tidslucka.cs" line-rate="1" branch-rate="1" complexity="8">
          <methods>
            <method name="get_Id" signature="()" line-rate="1" branch-rate="1" complexity="1">
              <lines>
                <line number="7" hits="242" branch="False" />
              </lines>
            </method>
            <method name="get_TerapeutId" signature="()" line-rate="1" branch-rate="1" complexity="1">
              <lines>
                <line number="8" hits="1506" branch="False" />
              </lines>
            </method>
            <method name="get_Start" signature="()" line-rate="1" branch-rate="1" complexity="1">
              <lines>
                <line number="9" hits="590" branch="False" />
              </lines>
            </method>
            <method name="get_Slut" signature="()" line-rate="1" branch-rate="1" complexity="1">
              <lines>
                <line number="10" hits="471" branch="False" />
              </lines>
            </method>
            <method name="get_Status" signature="()" line-rate="1" branch-rate="1" complexity="1">
              <lines>
                <line number="11" hits="1634" branch="False" />
              </lines>
            </method>
            <method name="get_Skapad" signature="()" line-rate="1" branch-rate="1" complexity="1">
              <lines>
                <line number="12" hits="1393" branch="False" />
              </lines>
            </method>
            <method name="get_Terapeut" signature="()" line-rate="1" branch-rate="1" complexity="1">
              <lines>
                <line number="14" hits="19" branch="False" />
              </lines>
            </method>
            <method name="get_Bokning" signature="()" line-rate="1" branch-rate="1" complexity="1">
              <lines>
                <line number="15" hits="11" branch="False" />
              </lines>
            </method>
          </methods>
          <lines>
            <line number="7" hits="242" branch="False" />
            <line number="8" hits="1506" branch="False" />
            <line number="9" hits="590" branch="False" />
            <line number="10" hits="471" branch="False" />
            <line number="11" hits="1634" branch="False" />
            <line number="12" hits="1393" branch="False" />
            <line number="14" hits="19" branch="False" />
            <line number="15" hits="11" branch="False" />
          </lines>
        </class>
      </classes>
    </package>
    <package name="HappyHome.Infrastructure" line-rate="0.175" branch-rate="0.8" complexity="43">
      <classes>
        <class name="HappyHome.Infrastructure.DesignTimeDbContextFactory" filename="HappyHome.Infrastructure\DesignTimeDbContextFactory.cs" line-rate="0" branch-rate="1" complexity="1">
          <methods>
            <method name="CreateDbContext" signature="(System.String[])" line-rate="0" branch-rate="1" complexity="1">
              <lines>
                <line number="9" hits="0" branch="False" />
                <line number="10" hits="0" branch="False" />
                <line number="11" hits="0" branch="False" />
                <line number="12" hits="0" branch="False" />
                <line number="13" hits="0" branch="False" />
                <line number="14" hits="0" branch="False" />
              </lines>
            </method>
          </methods>
          <lines>
            <line number="9" hits="0" branch="False" />
            <line number="10" hits="0" branch="False" />
            <line number="11" hits="0" branch="False" />
            <line number="12" hits="0" branch="False" />
            <line number="13" hits="0" branch="False" />
            <line number="14" hits="0" branch="False" />
          </lines>
        </class>
        <class name="HappyHome.Infrastructure.HappyHomeDbContext" filename="HappyHome.Infrastructure\HappyHomeDbContext.cs" line-rate="1" branch-rate="1" complexity="7">
          <methods>
            <method name="get_Klienter" signature="()" line-rate="1" branch-rate="1" complexity="1">
              <lines>
                <line number="12" hits="105" branch="False" />
              </lines>
            </method>
            <method name="get_Konsultationer" signature="()" line-rate="1" branch-rate="1" complexity="1">
              <lines>
                <line number="13" hits="94" branch="False" />
              </lines>
            </method>
            <method name="get_Terapeuter" signature="()" line-rate="1" branch-rate="1" complexity="1">
              <lines>
                <line number="14" hits="99" branch="False" />
              </lines>
            </method>
            <method name="get_Tidsluckor" signature="()" line-rate="1" branch-rate="1" complexity="1">
              <lines>
                <line number="15" hits="104" branch="False" />
              </lines>
            </method>
            <method name="get_Bokningar" signature="()" line-rate="1" branch-rate="1" complexity="1">
              <lines>
                <line number="16" hits="102" branch="False" />
              </lines>
            </method>
            <method name="OnModelCreating" signature="(Microsoft.EntityFrameworkCore.ModelBuilder)" line-rate="1" branch-rate="1" complexity="1">
              <lines>
                <line number="19" hits="2" branch="False" />
                <line number="20" hits="2" branch="False" />
                <line number="22" hits="2" branch="False" />
                <line number="23" hits="2" branch="False" />
                <line number="24" hits="2" branch="False" />
                <line number="25" hits="2" branch="False" />
                <line number="26" hits="2" branch="False" />
                <line number="27" hits="2" branch="False" />
                <line number="28" hits="2" branch="False" />
                <line number="29" hits="2" branch="False" />
                <line number="30" hits="2" branch="False" />
                <line number="31" hits="4" branch="False" />
                <line number="33" hits="2" branch="False" />
                <line number="34" hits="2" branch="False" />
                <line number="35" hits="2" branch="False" />
                <line number="36" hits="2" branch="False" />
                <line number="37" hits="2" branch="False" />
                <line number="38" hits="2" branch="False" />
                <line number="39" hits="2" branch="False" />
                <line number="40" hits="2" branch="False" />
                <line number="41" hits="2" branch="False" />
                <line number="42" hits="2" branch="False" />
                <line number="43" hits="2" branch="False" />
                <line number="44" hits="2" branch="False" />
                <line number="45" hits="2" branch="False" />
                <line number="46" hits="2" branch="False" />
                <line number="47" hits="2" branch="False" />
                <line number="48" hits="2" branch="False" />
                <line number="49" hits="2" branch="False" />
                <line number="50" hits="2" branch="False" />
                <line number="51" hits="2" branch="False" />
                <line number="52" hits="2" branch="False" />
                <line number="53" hits="2" branch="False" />
                <line number="54" hits="2" branch="False" />
                <line number="55" hits="2" branch="False" />
                <line number="56" hits="4" branch="False" />
                <line number="58" hits="2" branch="False" />
                <line number="59" hits="2" branch="False" />
                <line number="60" hits="2" branch="False" />
                <line number="61" hits="2" branch="False" />
                <line number="62" hits="2" branch="False" />
                <line number="63" hits="2" branch="False" />
                <line number="64" hits="2" branch="False" />
                <line number="65" hits="2" branch="False" />
                <line number="66" hits="4" branch="False" />
                <line number="68" hits="2" branch="False" />
                <line number="69" hits="2" branch="False" />
                <line number="70" hits="2" branch="False" />
                <line number="71" hits="2" branch="False" />
                <line number="72" hits="2" branch="False" />
                <line number="73" hits="2" branch="False" />
                <line number="74" hits="2" branch="False" />
                <line number="75" hits="2" branch="False" />
                <line number="76" hits="2" branch="False" />
                <line number="77" hits="2" branch="False" />
                <line number="78" hits="2" branch="False" />
                <line number="79" hits="2" branch="False" />
                <line number="80" hits="2" branch="False" />
                <line number="81" hits="2" branch="False" />
                <line number="82" hits="2" branch="False" />
                <line number="83" hits="4" branch="False" />
                <line number="85" hits="2" branch="False" />
                <line number="86" hits="2" branch="False" />
                <line number="87" hits="2" branch="False" />
                <line number="88" hits="2" branch="False" />
                <line number="89" hits="2" branch="False" />
                <line number="90" hits="2" branch="False" />
                <line number="91" hits="2" branch="False" />
                <line number="92" hits="2" branch="False" />
                <line number="93" hits="2" branch="False" />
                <line number="94" hits="2" branch="False" />
                <line number="95" hits="2" branch="False" />
                <line number="96" hits="2" branch="False" />
                <line number="97" hits="2" branch="False" />
                <line number="98" hits="2" branch="False" />
                <line number="99" hits="2" branch="False" />
                <line number="100" hits="2" branch="False" />
                <line number="101" hits="2" branch="False" />
                <line number="102" hits="2" branch="False" />
                <line number="103" hits="2" branch="False" />
                <line number="104" hits="2" branch="False" />
                <line number="105" hits="2" branch="False" />
                <line number="106" hits="2" branch="False" />
                <line number="107" hits="2" branch="False" />
                <line number="108" hits="4" branch="False" />
                <line number="109" hits="2" branch="False" />
              </lines>
            </method>
            <method name=".ctor" signature="(Microsoft.EntityFrameworkCore.DbContextOptions`1&lt;HappyHome.Infrastructure.HappyHomeDbContext&gt;)" line-rate="1" branch-rate="1" complexity="1">
              <lines>
                <line number="10" hits="132" branch="False" />
              </lines>
            </method>
          </methods>
          <lines>
            <line number="12" hits="105" branch="False" />
            <line number="13" hits="94" branch="False" />
            <line number="14" hits="99" branch="False" />
            <line number="15" hits="104" branch="False" />
            <line number="16" hits="102" branch="False" />
            <line number="19" hits="2" branch="False" />
            <line number="20" hits="2" branch="False" />
            <line number="22" hits="2" branch="False" />
            <line number="23" hits="2" branch="False" />
            <line number="24" hits="2" branch="False" />
            <line number="25" hits="2" branch="False" />
            <line number="26" hits="2" branch="False" />
            <line number="27" hits="2" branch="False" />
            <line number="28" hits="2" branch="False" />
            <line number="29" hits="2" branch="False" />
            <line number="30" hits="2" branch="False" />
            <line number="31" hits="4" branch="False" />
            <line number="33" hits="2" branch="False" />
            <line number="34" hits="2" branch="False" />
            <line number="35" hits="2" branch="False" />
            <line number="36" hits="2" branch="False" />
            <line number="37" hits="2" branch="False" />
            <line number="38" hits="2" branch="False" />
            <line number="39" hits="2" branch="False" />
            <line number="40" hits="2" branch="False" />
            <line number="41" hits="2" branch="False" />
            <line number="42" hits="2" branch="False" />
            <line number="43" hits="2" branch="False" />
            <line number="44" hits="2" branch="False" />
            <line number="45" hits="2" branch="False" />
            <line number="46" hits="2" branch="False" />
            <line number="47" hits="2" branch="False" />
            <line number="48" hits="2" branch="False" />
            <line number="49" hits="2" branch="False" />
            <line number="50" hits="2" branch="False" />
            <line number="51" hits="2" branch="False" />
            <line number="52" hits="2" branch="False" />
            <line number="53" hits="2" branch="False" />
            <line number="54" hits="2" branch="False" />
            <line number="55" hits="2" branch="False" />
            <line number="56" hits="4" branch="False" />
            <line number="58" hits="2" branch="False" />
            <line number="59" hits="2" branch="False" />
            <line number="60" hits="2" branch="False" />
            <line number="61" hits="2" branch="False" />
            <line number="62" hits="2" branch="False" />
            <line number="63" hits="2" branch="False" />
            <line number="64" hits="2" branch="False" />
            <line number="65" hits="2" branch="False" />
            <line number="66" hits="4" branch="False" />
            <line number="68" hits="2" branch="False" />
            <line number="69" hits="2" branch="False" />
            <line number="70" hits="2" branch="False" />
            <line number="71" hits="2" branch="False" />
            <line number="72" hits="2" branch="False" />
            <line number="73" hits="2" branch="False" />
            <line number="74" hits="2" branch="False" />
            <line number="75" hits="2" branch="False" />
            <line number="76" hits="2" branch="False" />
            <line number="77" hits="2" branch="False" />
            <line number="78" hits="2" branch="False" />
            <line number="79" hits="2" branch="False" />
            <line number="80" hits="2" branch="False" />
            <line number="81" hits="2" branch="False" />
            <line number="82" hits="2" branch="False" />
            <line number="83" hits="4" branch="False" />
            <line number="85" hits="2" branch="False" />
            <line number="86" hits="2" branch="False" />
            <line number="87" hits="2" branch="False" />
            <line number="88" hits="2" branch="False" />
            <line number="89" hits="2" branch="False" />
            <line number="90" hits="2" branch="False" />
            <line number="91" hits="2" branch="False" />
            <line number="92" hits="2" branch="False" />
            <line number="93" hits="2" branch="False" />
            <line number="94" hits="2" branch="False" />
            <line number="95" hits="2" branch="False" />
            <line number="96" hits="2" branch="False" />
            <line number="97" hits="2" branch="False" />
            <line number="98" hits="2" branch="False" />
            <line number="99" hits="2" branch="False" />
            <line number="100" hits="2" branch="False" />
            <line number="101" hits="2" branch="False" />
            <line number="102" hits="2" branch="False" />
            <line number="103" hits="2" branch="False" />
            <line number="104" hits="2" branch="False" />
            <line number="105" hits="2" branch="False" />
            <line number="106" hits="2" branch="False" />
            <line number="107" hits="2" branch="False" />
            <line number="108" hits="4" branch="False" />
            <line number="109" hits="2" branch="False" />
            <line number="10" hits="132" branch="False" />
          </lines>
        </class>
        <class name="HappyHome.Infrastructure.Seed.DbSeeder" filename="HappyHome.Infrastructure\Seed\DbSeeder.cs" line-rate="0.9481999999999999" branch-rate="0.8" complexity="24">
          <methods>
            <method name="Clear" signature="(HappyHome.Infrastructure.HappyHomeDbContext)" line-rate="0.5625" branch-rate="0.5" complexity="4">
              <lines>
                <line number="48" hits="23" branch="False" />
                <line number="49" hits="23" branch="True" condition-coverage="50% (2/4)">
                  <conditions>
                    <condition number="12" type="jump" coverage="50%" />
                    <condition number="28" type="jump" coverage="50%" />
                  </conditions>
                </line>
                <line number="50" hits="0" branch="False" />
                <line number="51" hits="0" branch="False" />
                <line number="52" hits="0" branch="False" />
                <line number="53" hits="0" branch="False" />
                <line number="54" hits="0" branch="False" />
                <line number="55" hits="0" branch="False" />
                <line number="56" hits="0" branch="False" />
                <line number="59" hits="23" branch="False" />
                <line number="60" hits="23" branch="False" />
                <line number="61" hits="23" branch="False" />
                <line number="62" hits="23" branch="False" />
                <line number="63" hits="23" branch="False" />
                <line number="64" hits="23" branch="False" />
                <line number="65" hits="23" branch="False" />
              </lines>
            </method>
            <method name="IsInMemory" signature="(HappyHome.Infrastructure.HappyHomeDbContext)" line-rate="0" branch-rate="1" complexity="1">
              <lines>
                <line number="68" hits="0" branch="False" />
              </lines>
            </method>
            <method name="Seed" signature="(HappyHome.Infrastructure.HappyHomeDbContext,System.Boolean)" line-rate="0.9904000000000001" branch-rate="0.9285" complexity="14">
              <lines>
                <line number="71" hits="23" branch="False" />
                <line number="72" hits="23" branch="True" condition-coverage="75% (3/4)">
                  <conditions>
                    <condition number="8" type="jump" coverage="50%" />
                    <condition number="28" type="jump" coverage="100%" />
                  </conditions>
                </line>
                <line number="73" hits="0" branch="False" />
                <line number="75" hits="23" branch="False" />
                <line number="76" hits="23" branch="False" />
                <line number="78" hits="23" branch="False" />
                <line number="79" hits="115" branch="False" />
                <line number="80" hits="115" branch="False" />
                <line number="81" hits="115" branch="False" />
                <line number="82" hits="115" branch="False" />
                <line number="83" hits="115" branch="False" />
                <line number="84" hits="115" branch="False" />
                <line number="85" hits="115" branch="False" />
                <line number="86" hits="115" branch="False" />
                <line number="87" hits="115" branch="False" />
                <line number="88" hits="115" branch="False" />
                <line number="89" hits="115" branch="False" />
                <line number="90" hits="115" branch="False" />
                <line number="91" hits="115" branch="False" />
                <line number="92" hits="138" branch="False" />
                <line number="94" hits="23" branch="False" />
                <line number="95" hits="23" branch="False" />
                <line number="97" hits="23" branch="False" />
                <line number="98" hits="23" branch="False" />
                <line number="99" hits="230" branch="False" />
                <line number="100" hits="230" branch="False" />
                <line number="101" hits="230" branch="False" />
                <line number="102" hits="230" branch="False" />
                <line number="103" hits="230" branch="False" />
                <line number="104" hits="230" branch="False" />
                <line number="105" hits="230" branch="False" />
                <line number="106" hits="230" branch="False" />
                <line number="107" hits="230" branch="False" />
                <line number="108" hits="230" branch="False" />
                <line number="109" hits="230" branch="False" />
                <line number="110" hits="230" branch="False" />
                <line number="111" hits="253" branch="False" />
                <line number="112" hits="23" branch="False" />
                <line number="113" hits="23" branch="False" />
                <line number="115" hits="23" branch="False" />
                <line number="116" hits="23" branch="False" />
                <line number="117" hits="23" branch="False" />
[...]
                <line number="280" hits="0" branch="False" />
                <line number="281" hits="0" branch="False" />
                <line number="282" hits="0" branch="False" />
                <line number="283" hits="0" branch="False" />
                <line number="284" hits="0" branch="False" />
                <line number="285" hits="0" branch="False" />
                <line number="286" hits="0" branch="False" />
                <line number="287" hits="0" branch="False" />
                <line number="288" hits="0" branch="False" />
                <line number="289" hits="0" branch="False" />
                <line number="290" hits="0" branch="False" />
                <line number="291" hits="0" branch="False" />
                <line number="293" hits="0" branch="False" />
                <line number="294" hits="0" branch="False" />
                <line number="295" hits="0" branch="False" />
                <line number="296" hits="0" branch="False" />
                <line number="297" hits="0" branch="False" />
                <line number="298" hits="0" branch="False" />
                <line number="299" hits="0" branch="False" />
                <line number="300" hits="0" branch="False" />
                <line number="301" hits="0" branch="False" />
                <line number="302" hits="0" branch="False" />
                <line number="304" hits="0" branch="False" />
                <line number="305" hits="0" branch="False" />
                <line number="306" hits="0" branch="False" />
                <line number="307" hits="0" branch="False" />
                <line number="309" hits="0" branch="False" />
                <line number="310" hits="0" branch="False" />
                <line number="311" hits="0" branch="False" />
                <line number="312" hits="0" branch="False" />
                <line number="313" hits="0" branch="False" />
                <line number="314" hits="0" branch="False" />
                <line number="316" hits="0" branch="False" />
                <line number="317" hits="0" branch="False" />
                <line number="318" hits="0" branch="False" />
                <line number="319" hits="0" branch="False" />
                <line number="320" hits="0" branch="False" />
                <line number="321" hits="0" branch="False" />
                <line number="323" hits="0" branch="False" />
                <line number="324" hits="0" branch="False" />
                <line number="325" hits="0" branch="False" />
                <line number="326" hits="0" branch="False" />
                <line number="328" hits="0" branch="False" />
              </lines>
            </method>
          </methods>
          <lines>
            <line number="17" hits="0" branch="False" />
            <line number="19" hits="0" branch="False" />
            <line number="20" hits="0" branch="False" />
            <line number="21" hits="0" branch="False" />
            <line number="23" hits="0" branch="False" />
            <line number="25" hits="0" branch="False" />
            <line number="26" hits="0" branch="False" />
            <line number="27" hits="0" branch="False" />
            <line number="28" hits="0" branch="False" />
            <line number="29" hits="0" branch="False" />
            <line number="30" hits="0" branch="False" />
            <line number="31" hits="0" branch="False" />
            <line number="32" hits="0" branch="False" />
            <line number="33" hits="0" branch="False" />
            <line number="34" hits="0" branch="False" />
            <line number="35" hits="0" branch="False" />
            <line number="36" hits="0" branch="False" />
            <line number="37" hits="0" branch="False" />
            <line number="38" hits="0" branch="False" />
            <line number="39" hits="0" branch="False" />
            <line number="40" hits="0" branch="False" />
            <line number="41" hits="0" branch="False" />
            <line number="42" hits="0" branch="False" />
            <line number="43" hits="0" branch="False" />
            <line number="44" hits="0" branch="False" />
            <line number="45" hits="0" branch="False" />
            <line number="46" hits="0" branch="False" />
            <line number="47" hits="0" branch="False" />
            <line number="48" hits="0" branch="False" />
            <line number="49" hits="0" branch="False" />
            <line number="50" hits="0" branch="False" />
            <line number="51" hits="0" branch="False" />
            <line number="52" hits="0" branch="False" />
            <line number="53" hits="0" branch="False" />
            <line number="54" hits="0" branch="False" />
            <line number="55" hits="0" branch="False" />
            <line number="56" hits="0" branch="False" />
            <line number="57" hits="0" branch="False" />
            <line number="58" hits="0" branch="False" />
            <line number="59" hits="0" branch="False" />
            <line number="60" hits="0" branch="False" />
            <line number="61" hits="0" branch="False" />
            <line number="63" hits="0" branch="False" />
            <line number="64" hits="0" branch="False" />
            <line number="65" hits="0" branch="False" />
            <line number="66" hits="0" branch="False" />
            <line number="67" hits="0" branch="False" />
            <line number="68" hits="0" branch="False" />
            <line number="69" hits="0" branch="False" />
            <line number="70" hits="0" branch="False" />
            <line number="71" hits="0" branch="False" />
            <line number="72" hits="0" branch="False" />
            <line number="73" hits="0" branch="False" />
            <line number="74" hits="0" branch="False" />
            <line number="75" hits="0" branch="False" />
            <line number="76" hits="0" branch="False" />
            <line number="77" hits="0" branch="False" />
            <line number="78" hits="0" branch="False" />
            <line number="79" hits="0" branch="False" />
            <line number="80" hits="0" branch="False" />
            <line number="81" hits="0" branch="False" />
            <line number="82" hits="0" branch="False" />
            <line number="83" hits="0" branch="False" />
            <line number="84" hits="0" branch="False" />
            <line number="85" hits="0" branch="False" />
            <line number="86" hits="0" branch="False" />
            <line number="87" hits="0" branch="False" />
            <line number="88" hits="0" branch="False" />
            <line number="89" hits="0" branch="False" />
            <line number="90" hits="0" branch="False" />
            <line number="91" hits="0" branch="False" />
            <line number="92" hits="0" branch="False" />
            <line number="93" hits="0" branch="False" />
            <line number="94" hits="0" branch="False" />
            <line number="95" hits="0" branch="False" />
            <line number="96" hits="0" branch="False" />
            <line number="97" hits="0" branch="False" />
            <line number="98" hits="0" branch="False" />
            <line number="99" hits="0" branch="False" />
            <line number="100" hits="0" branch="False" />
            <line number="101" hits="0" branch="False" />
            <line number="102" hits="0" branch="False" />
            <line number="103" hits="0" branch="False" />
            <line number="104" hits="0" branch="False" />
            <line number="105" hits="0" branch="False" />
            <line number="106" hits="0" branch="False" />
            <line number="107" hits="0" branch="False" />
            <line number="108" hits="0" branch="False" />
            <line number="109" hits="0" branch="False" />
            <line number="110" hits="0" branch="False" />
            <line number="111" hits="0" branch="False" />
            <line number="113" hits="0" branch="False" />
            <line number="114" hits="0" branch="False" />
            <line number="115" hits="0" branch="False" />
            <line number="116" hits="0" branch="False" />
            <line number="117" hits="0" branch="False" />
            <line number="118" hits="0" branch="False" />
            <line number="119" hits="0" branch="False" />
            <line number="120" hits="0" branch="False" />
            <line number="121" hits="0" branch="False" />
            <line number="122" hits="0" branch="False" />
            <line number="123" hits="0" branch="False" />
            <line number="124" hits="0" branch="False" />
            <line number="125" hits="0" branch="False" />
            <line number="126" hits="0" branch="False" />
            <line number="127" hits="0" branch="False" />
            <line number="128" hits="0" branch="False" />
            <line number="129" hits="0" branch="False" />
            <line number="130" hits="0" branch="False" />
            <line number="131" hits="0" branch="False" />
            <line number="132" hits="0" branch="False" />
            <line number="133" hits="0" branch="False" />
            <line number="134" hits="0" branch="False" />
            <line number="135" hits="0" branch="False" />
            <line number="136" hits="0" branch="False" />
            <line number="137" hits="0" branch="False" />
            <line number="138" hits="0" branch="False" />
            <line number="139" hits="0" branch="False" />
            <line number="140" hits="0" branch="False" />
            <line number="141" hits="0" branch="False" />
            <line number="142" hits="0" branch="False" />
            <line number="143" hits="0" branch="False" />
            <line number="144" hits="0" branch="False" />
            <line number="145" hits="0" branch="False" />
            <line number="146" hits="0" branch="False" />
            <line number="147" hits="0" branch="False" />
            <line number="148" hits="0" branch="False" />
            <line number="149" hits="0" branch="False" />
            <line number="150" hits="0" branch="False" />
            <line number="151" hits="0" branch="False" />
            <line number="152" hits="0" branch="False" />
            <line number="153" hits="0" branch="False" />
            <line number="154" hits="0" branch="False" />
            <line number="155" hits="0" branch="False" />
            <line number="156" hits="0" branch="False" />
            <line number="157" hits="0" branch="False" />
            <line number="158" hits="0" branch="False" />
            <line number="159" hits="0" branch="False" />
            <line number="160" hits="0" branch="False" />
            <line number="161" hits="0" branch="False" />
            <line number="162" hits="0" branch="False" />
            <line number="163" hits="0" branch="False" />
            <line number="164" hits="0" branch="False" />
            <line number="165" hits="0" branch="False" />
            <line number="166" hits="0" branch="False" />
            <line number="167" hits="0" branch="False" />
            <line number="168" hits="0" branch="False" />
            <line number="169" hits="0" branch="False" />
            <line number="171" hits="0" branch="False" />
            <line number="172" hits="0" branch="False" />
            <line number="173" hits="0" branch="False" />
            <line number="174" hits="0" branch="False" />
            <line number="175" hits="0" branch="False" />
            <line number="176" hits="0" branch="False" />
            <line number="177" hits="0" branch="False" />
            <line number="178" hits="0" branch="False" />
            <line number="179" hits="0" branch="False" />
            <line number="180" hits="0" branch="False" />
            <line number="181" hits="0" branch="False" />
            <line number="182" hits="0" branch="False" />
            <line number="183" hits="0" branch="False" />
            <line number="184" hits="0" branch="False" />
            <line number="185" hits="0" branch="False" />
            <line number="186" hits="0" branch="False" />
            <line number="187" hits="0" branch="False" />
            <line number="188" hits="0" branch="False" />
            <line number="189" hits="0" branch="False" />
            <line number="190" hits="0" branch="False" />
            <line number="191" hits="0" branch="False" />
            <line number="192" hits="0" branch="False" />
            <line number="193" hits="0" branch="False" />
            <line number="194" hits="0" branch="False" />
            <line number="195" hits="0" branch="False" />
            <line number="196" hits="0" branch="False" />
            <line number="197" hits="0" branch="False" />
            <line number="198" hits="0" branch="False" />
            <line number="199" hits="0" branch="False" />
            <line number="200" hits="0" branch="False" />
            <line number="201" hits="0" branch="False" />
            <line number="202" hits="0" branch="False" />
            <line number="203" hits="0" branch="False" />
            <line number="204" hits="0" branch="False" />
            <line number="205" hits="0" branch="False" />
            <line number="206" hits="0" branch="False" />
            <line number="207" hits="0" branch="False" />
            <line number="208" hits="0" branch="False" />
            <line number="209" hits="0" branch="False" />
            <line number="210" hits="0" branch="False" />
            <line number="211" hits="0" branch="False" />
            <line number="212" hits="0" branch="False" />
            <line number="213" hits="0" branch="False" />
            <line number="214" hits="0" branch="False" />
            <line number="215" hits="0" branch="False" />
            <line number="216" hits="0" branch="False" />
            <line number="218" hits="0" branch="False" />
            <line number="219" hits="0" branch="False" />
            <line number="220" hits="0" branch="False" />
            <line number="221" hits="0" branch="False" />
            <line number="222" hits="0" branch="False" />
            <line number="223" hits="0" branch="False" />
            <line number="224" hits="0" branch="False" />
            <line number="225" hits="0" branch="False" />
            <line number="226" hits="0" branch="False" />
            <line number="227" hits="0" branch="False" />
            <line number="228" hits="0" branch="False" />
            <line number="229" hits="0" branch="False" />
            <line number="230" hits="0" branch="False" />
            <line number="231" hits="0" branch="False" />
            <line number="232" hits="0" branch="False" />
            <line number="233" hits="0" branch="False" />
            <line number="234" hits="0" branch="False" />
            <line number="235" hits="0" branch="False" />
            <line number="236" hits="0" branch="False" />
            <line number="237" hits="0" branch="False" />
            <line number="238" hits="0" branch="False" />
            <line number="239" hits="0" branch="False" />
            <line number="240" hits="0" branch="False" />
            <line number="241" hits="0" branch="False" />
            <line number="242" hits="0" branch="False" />
            <line number="243" hits="0" branch="False" />
            <line number="244" hits="0" branch="False" />
            <line number="245" hits="0" branch="False" />
            <line number="246" hits="0" branch="False" />
            <line number="248" hits="0" branch="False" />
            <line number="249" hits="0" branch="False" />
            <line number="250" hits="0" branch="False" />
            <line number="251" hits="0" branch="False" />
            <line number="252" hits="0" branch="False" />
            <line number="253" hits="0" branch="False" />
            <line number="254" hits="0" branch="False" />
            <line number="255" hits="0" branch="False" />
            <line number="256" hits="0" branch="False" />
            <line number="257" hits="0" branch="False" />
            <line number="258" hits="0" branch="False" />
            <line number="259" hits="0" branch="False" />
            <line number="260" hits="0" branch="False" />
            <line number="261" hits="0" branch="False" />
            <line number="262" hits="0" branch="False" />
            <line number="263" hits="0" branch="False" />
            <line number="264" hits="0" branch="False" />
            <line number="265" hits="0" branch="False" />
            <line number="267" hits="0" branch="False" />
            <line number="268" hits="0" branch="False" />
            <line number="269" hits="0" branch="False" />
            <line number="270" hits="0" branch="False" />
            <line number="271" hits="0" branch="False" />
            <line number="272" hits="0" branch="False" />
            <line number="273" hits="0" branch="False" />
            <line number="274" hits="0" branch="False" />
            <line number="275" hits="0" branch="False" />
            <line number="276" hits="0" branch="False" />
            <line number="277" hits="0" branch="False" />
            <line number="278" hits="0" branch="False" />
            <line number="279" hits="0" branch="False" />
            <line number="280" hits="0" branch="False" />
            <line number="281" hits="0" branch="False" />
            <line number="282" hits="0" branch="False" />
            <line number="283" hits="0" branch="False" />
            <line number="284" hits="0" branch="False" />
            <line number="285" hits="0" branch="False" />
            <line number="286" hits="0" branch="False" />
            <line number="287" hits="0" branch="False" />
            <line number="288" hits="0" branch="False" />
            <line number="289" hits="0" branch="False" />
            <line number="290" hits="0" branch="False" />
            <line number="291" hits="0" branch="False" />
            <line number="293" hits="0" branch="False" />
            <line number="294" hits="0" branch="False" />
            <line number="295" hits="0" branch="False" />
            <line number="296" hits="0" branch="False" />
            <line number="297" hits="0" branch="False" />
            <line number="298" hits="0" branch="False" />
            <line number="299" hits="0" branch="False" />
            <line number="300" hits="0" branch="False" />
            <line number="301" hits="0" branch="False" />
            <line number="302" hits="0" branch="False" />
            <line number="304" hits="0" branch="False" />
            <line number="305" hits="0" branch="False" />
            <line number="306" hits="0" branch="False" />
            <line number="307" hits="0" branch="False" />
            <line number="309" hits="0" branch="False" />
            <line number="310" hits="0" branch="False" />
            <line number="311" hits="0" branch="False" />
            <line number="312" hits="0" branch="False" />
            <line number="313" hits="0" branch="False" />
            <line number="314" hits="0" branch="False" />
            <line number="316" hits="0" branch="False" />
            <line number="317" hits="0" branch="False" />
            <line number="318" hits="0" branch="False" />
            <line number="319" hits="0" branch="False" />
            <line number="320" hits="0" branch="False" />
            <line number="321" hits="0" branch="False" />
            <line number="323" hits="0" branch="False" />
            <line number="324" hits="0" branch="False" />
            <line number="325" hits="0" branch="False" />
            <line number="326" hits="0" branch="False" />
            <line number="328" hits="0" branch="False" />
          </lines>
        </class>
      </classes>
    </package>
  </packages>
</coverage>